# JRE version: OpenJDK Runtime Environment Temurin-17.0.2+8 (17.0.2+8) (build 17.0.2+8)
# Java VM: OpenJDK 64-Bit Server VM Temurin-17.0.2+8 (17.0.2+8, mixed mode, tiered, compressed oops, compressed class ptrs, g1 gc, windows-amd64)
GC Precious Log:
 CPUs: 4 total, 4 available
 Memory: 3862M
 Large Page Support: Disabled
 NUMA Support: Disabled
 Compressed Oops: Enabled (32-bit)
 Heap Region Size: 1M
 Heap Min Capacity: 8M
 Heap Initial Capacity: 62M
 Heap Max Capacity: 966M
 Pre-touch: Disabled
 Parallel Workers: 4
 Concurrent Workers: 1
 Concurrent Refinement Workers: 4
 Periodic GC: Disabled
Heap:
 garbage-first heap   total 45056K, used 26446K [0x00000000c3a00000, 0x0000000100000000)
  region size 1024K, 7 young (7168K), 1 survivors (1024K)
 Metaspace       used 47605K, committed 47936K, reserved 1097728K
  class space    used 6056K, committed 6208K, reserved 1048576K
GC Heap History (20 events):
Event: 4.599 GC heap before
{Heap before GC invocations=6 (full 0):
 garbage-first heap   total 45056K, used 13215K [0x00000000c3a00000, 0x0000000100000000)
  region size 1024K, 4 young (4096K), 3 survivors (3072K)
 Metaspace       used 25948K, committed 26176K, reserved 1073152K
  class space    used 3122K, committed 3200K, reserved 1048576K
}
Event: 4.602 GC heap after
{Heap after GC invocations=7 (full 0):
 garbage-first heap   total 45056K, used 12471K [0x00000000c3a00000, 0x0000000100000000)
  region size 1024K, 1 young (1024K), 1 survivors (1024K)
 Metaspace       used 25948K, committed 26176K, reserved 1073152K
  class space    used 3122K, committed 3200K, reserved 1048576K
}
Event: 4.936 GC heap before
{Heap before GC invocations=7 (full 0):
 garbage-first heap   total 45056K, used 28855K [0x00000000c3a00000, 0x0000000100000000)
  region size 1024K, 18 young (18432K), 1 survivors (1024K)
 Metaspace       used 29340K, committed 29632K, reserved 1081344K
  class space    used 3460K, committed 3584K, reserved 1048576K
}
Event: 4.939 GC heap after
{Heap after GC invocations=8 (full 0):
 garbage-first heap   total 45056K, used 13159K [0x00000000c3a00000, 0x0000000100000000)
  region size 1024K, 2 young (2048K), 2 survivors (2048K)
 Metaspace       used 29340K, committed 29632K, reserved 1081344K
  class space    used 3460K, committed 3584K, reserved 1048576K
}
Event: 5.631 GC heap before
{Heap before GC invocations=8 (full 0):
 garbage-first heap   total 45056K, used 29543K [0x00000000c3a00000, 0x0000000100000000)
  region size 1024K, 19 young (19456K), 2 survivors (2048K)
 Metaspace       used 31873K, committed 32128K, reserved 1081344K
  class space    used 3813K, committed 3904K, reserved 1048576K
}
Event: 5.634 GC heap after
{Heap after GC invocations=9 (full 0):
 garbage-first heap   total 45056K, used 14239K [0x00000000c3a00000, 0x0000000100000000)
  region size 1024K, 3 young (3072K), 3 survivors (3072K)
 Metaspace       used 31873K, committed 32128K, reserved 1081344K
  class space    used 3813K, committed 3904K, reserved 1048576K
}
Event: 6.457 GC heap before
{Heap before GC invocations=9 (full 0):
 garbage-first heap   total 45056K, used 31647K [0x00000000c3a00000, 0x0000000100000000)
  region size 1024K, 20 young (20480K), 3 survivors (3072K)
 Metaspace       used 33696K, committed 33984K, reserved 1081344K
  class space    used 4087K, committed 4224K, reserved 1048576K
}
Event: 6.462 GC heap after
{Heap after GC invocations=10 (full 0):
 garbage-first heap   total 45056K, used 15123K [0x00000000c3a00000, 0x0000000100000000)
  region size 1024K, 2 young (2048K), 2 survivors (2048K)
 Metaspace       used 33696K, committed 33984K, reserved 1081344K
  class space    used 4087K, committed 4224K, reserved 1048576K
}
Event: 6.873 GC heap before
{Heap before GC invocations=10 (full 0):
 garbage-first heap   total 45056K, used 29459K [0x00000000c3a00000, 0x0000000100000000)
  region size 1024K, 17 young (17408K), 2 survivors (2048K)
 Metaspace       used 35898K, committed 36160K, reserved 1081344K
  class space    used 4367K, committed 4480K, reserved 1048576K
}
Event: 6.876 GC heap after
{Heap after GC invocations=11 (full 0):
 garbage-first heap   total 45056K, used 16215K [0x00000000c3a00000, 0x0000000100000000)
  region size 1024K, 3 young (3072K), 3 survivors (3072K)
 Metaspace       used 35898K, committed 36160K, reserved 1081344K
  class space    used 4367K, committed 4480K, reserved 1048576K
}
Event: 7.524 GC heap before
{Heap before GC invocations=12 (full 0):
 garbage-first heap   total 45056K, used 33623K [0x00000000c3a00000, 0x0000000100000000)
  region size 1024K, 20 young (20480K), 3 survivors (3072K)
 Metaspace       used 37428K, committed 37760K, reserved 1089536K
  class space    used 4606K, committed 4736K, reserved 1048576K
}
Event: 7.528 GC heap after
{Heap after GC invocations=13 (full 0):
 garbage-first heap   total 45056K, used 17779K [0x00000000c3a00000, 0x0000000100000000)
  region size 1024K, 3 young (3072K), 3 survivors (3072K)
 Metaspace       used 37428K, committed 37760K, reserved 1089536K
  class space    used 4606K, committed 4736K, reserved 1048576K
}
Event: 7.570 GC heap before
{Heap before GC invocations=13 (full 0):
 garbage-first heap   total 45056K, used 18803K [0x00000000c3a00000, 0x0000000100000000)
  region size 1024K, 4 young (4096K), 3 survivors (3072K)
 Metaspace       used 37571K, committed 37824K, reserved 1089536K
  class space    used 4637K, committed 4736K, reserved 1048576K
}
Event: 7.574 GC heap after
{Heap after GC invocations=14 (full 0):
 garbage-first heap   total 45056K, used 17797K [0x00000000c3a00000, 0x0000000100000000)
  region size 1024K, 1 young (1024K), 1 survivors (1024K)
 Metaspace       used 37571K, committed 37824K, reserved 1089536K
  class space    used 4637K, committed 4736K, reserved 1048576K
}
Event: 7.908 GC heap before
{Heap before GC invocations=14 (full 0):
 garbage-first heap   total 45056K, used 34181K [0x00000000c3a00000, 0x0000000100000000)
  region size 1024K, 17 young (17408K), 1 survivors (1024K)
 Metaspace       used 39301K, committed 39616K, reserved 1089536K
  class space    used 4899K, committed 5056K, reserved 1048576K
}
Event: 7.911 GC heap after
{Heap after GC invocations=15 (full 0):
 garbage-first heap   total 45056K, used 18879K [0x00000000c3a00000, 0x0000000100000000)
  region size 1024K, 2 young (2048K), 2 survivors (2048K)
 Metaspace       used 39301K, committed 39616K, reserved 1089536K
  class space    used 4899K, committed 5056K, reserved 1048576K
}
Event: 8.771 GC heap before
{Heap before GC invocations=15 (full 0):
 garbage-first heap   total 45056K, used 33215K [0x00000000c3a00000, 0x0000000100000000)
  region size 1024K, 17 young (17408K), 2 survivors (2048K)
 Metaspace       used 43481K, committed 43840K, reserved 1089536K
  class space    used 5377K, committed 5568K, reserved 1048576K
}
Event: 8.775 GC heap after
{Heap after GC invocations=16 (full 0):
 garbage-first heap   total 45056K, used 20395K [0x00000000c3a00000, 0x0000000100000000)
  region size 1024K, 3 young (3072K), 3 survivors (3072K)
 Metaspace       used 43481K, committed 43840K, reserved 1089536K
  class space    used 5377K, committed 5568K, reserved 1048576K
}
Event: 9.452 GC heap before
{Heap before GC invocations=16 (full 0):
 garbage-first heap   total 45056K, used 33707K [0x00000000c3a00000, 0x0000000100000000)
  region size 1024K, 17 young (17408K), 3 survivors (3072K)
 Metaspace       used 46244K, committed 46592K, reserved 1089536K
  class space    used 5780K, committed 5952K, reserved 1048576K
}
Event: 9.456 GC heap after
{Heap after GC invocations=17 (full 0):
 garbage-first heap   total 45056K, used 21326K [0x00000000c3a00000, 0x0000000100000000)
  region size 1024K, 1 young (1024K), 1 survivors (1024K)
 Metaspace       used 46244K, committed 46592K, reserved 1089536K
  class space    used 5780K, committed 5952K, reserved 1048576K
}

