# JRE version: OpenJDK Runtime Environment Temurin-17.0.2+8 (17.0.2+8) (build 17.0.2+8)
# Java VM: OpenJDK 64-Bit Server VM Temurin-17.0.2+8 (17.0.2+8, mixed mode, emulated-client, tiered, compressed oops, compressed class ptrs, g1 gc, windows-amd64)
GC Precious Log:
 CPUs: 4 total, 4 available
 Memory: 3862M
 Large Page Support: Disabled
 NUMA Support: Disabled
 Compressed Oops: Enabled (32-bit)
 Heap Region Size: 1M
 Heap Min Capacity: 8M
 Heap Initial Capacity: 62M
 Heap Max Capacity: 966M
 Pre-touch: Disabled
 Parallel Workers: 4
 Concurrent Workers: 1
 Concurrent Refinement Workers: 4
 Periodic GC: Disabled
Heap:
 garbage-first heap   total 37888K, used 21756K [0x00000000c3a00000, 0x0000000100000000)
  region size 1024K, 2 young (2048K), 2 survivors (2048K)
 Metaspace       used 50830K, committed 51200K, reserved 1097728K
  class space    used 6800K, committed 6976K, reserved 1048576K
GC Heap History (20 events):
Event: 10.558 GC heap after
{Heap after GC invocations=9 (full 0):
 garbage-first heap   total 37888K, used 13451K [0x00000000c3a00000, 0x0000000100000000)
  region size 1024K, 2 young (2048K), 2 survivors (2048K)
 Metaspace       used 30505K, committed 30784K, reserved 1081344K
  class space    used 3783K, committed 3904K, reserved 1048576K
}
Event: 11.134 GC heap before
{Heap before GC invocations=9 (full 0):
 garbage-first heap   total 37888K, used 27787K [0x00000000c3a00000, 0x0000000100000000)
  region size 1024K, 16 young (16384K), 2 survivors (2048K)
 Metaspace       used 32240K, committed 32576K, reserved 1081344K
  class space    used 4037K, committed 4224K, reserved 1048576K
}
Event: 11.138 GC heap after
{Heap after GC invocations=10 (full 0):
 garbage-first heap   total 37888K, used 14348K [0x00000000c3a00000, 0x0000000100000000)
  region size 1024K, 2 young (2048K), 2 survivors (2048K)
 Metaspace       used 32240K, committed 32576K, reserved 1081344K
  class space    used 4037K, committed 4224K, reserved 1048576K
}
Event: 11.611 GC heap before
{Heap before GC invocations=10 (full 0):
 garbage-first heap   total 37888K, used 27660K [0x00000000c3a00000, 0x0000000100000000)
  region size 1024K, 15 young (15360K), 2 survivors (2048K)
 Metaspace       used 34216K, committed 34560K, reserved 1081344K
  class space    used 4340K, committed 4480K, reserved 1048576K
}
Event: 11.615 GC heap after
{Heap after GC invocations=11 (full 0):
 garbage-first heap   total 37888K, used 15360K [0x00000000c3a00000, 0x0000000100000000)
  region size 1024K, 2 young (2048K), 2 survivors (2048K)
 Metaspace       used 34216K, committed 34560K, reserved 1081344K
  class space    used 4340K, committed 4480K, reserved 1048576K
}
Event: 12.023 GC heap before
{Heap before GC invocations=11 (full 0):
 garbage-first heap   total 37888K, used 24576K [0x00000000c3a00000, 0x0000000100000000)
  region size 1024K, 12 young (12288K), 2 survivors (2048K)
 Metaspace       used 35777K, committed 36096K, reserved 1081344K
  class space    used 4613K, committed 4800K, reserved 1048576K
}
Event: 12.031 GC heap after
{Heap after GC invocations=12 (full 0):
 garbage-first heap   total 37888K, used 16502K [0x00000000c3a00000, 0x0000000100000000)
  region size 1024K, 2 young (2048K), 2 survivors (2048K)
 Metaspace       used 35777K, committed 36096K, reserved 1081344K
  class space    used 4613K, committed 4800K, reserved 1048576K
}
Event: 12.629 GC heap before
{Heap before GC invocations=13 (full 0):
 garbage-first heap   total 37888K, used 28790K [0x00000000c3a00000, 0x0000000100000000)
  region size 1024K, 14 young (14336K), 2 survivors (2048K)
 Metaspace       used 37482K, committed 37824K, reserved 1089536K
  class space    used 4822K, committed 4992K, reserved 1048576K
}
Event: 12.633 GC heap after
{Heap after GC invocations=14 (full 0):
 garbage-first heap   total 37888K, used 17809K [0x00000000c3a00000, 0x0000000100000000)
  region size 1024K, 2 young (2048K), 2 survivors (2048K)
 Metaspace       used 37482K, committed 37824K, reserved 1089536K
  class space    used 4822K, committed 4992K, reserved 1048576K
}
Event: 12.884 GC heap before
{Heap before GC invocations=14 (full 0):
 garbage-first heap   total 37888K, used 27025K [0x00000000c3a00000, 0x0000000100000000)
  region size 1024K, 12 young (12288K), 2 survivors (2048K)
 Metaspace       used 38663K, committed 39104K, reserved 1089536K
  class space    used 4966K, committed 5184K, reserved 1048576K
}
Event: 12.887 GC heap after
{Heap after GC invocations=15 (full 0):
 garbage-first heap   total 37888K, used 18514K [0x00000000c3a00000, 0x0000000100000000)
  region size 1024K, 1 young (1024K), 1 survivors (1024K)
 Metaspace       used 38663K, committed 39104K, reserved 1089536K
  class space    used 4966K, committed 5184K, reserved 1048576K
}
Event: 13.168 GC heap before
{Heap before GC invocations=16 (full 0):
 garbage-first heap   total 37888K, used 28754K [0x00000000c3a00000, 0x0000000100000000)
  region size 1024K, 11 young (11264K), 1 survivors (1024K)
 Metaspace       used 40460K, committed 40832K, reserved 1089536K
  class space    used 5204K, committed 5376K, reserved 1048576K
}
Event: 13.170 GC heap after
{Heap after GC invocations=17 (full 0):
 garbage-first heap   total 37888K, used 18973K [0x00000000c3a00000, 0x0000000100000000)
  region size 1024K, 2 young (2048K), 2 survivors (2048K)
 Metaspace       used 40460K, committed 40832K, reserved 1089536K
  class space    used 5204K, committed 5376K, reserved 1048576K
}
Event: 13.539 GC heap before
{Heap before GC invocations=17 (full 0):
 garbage-first heap   total 37888K, used 29213K [0x00000000c3a00000, 0x0000000100000000)
  region size 1024K, 12 young (12288K), 2 survivors (2048K)
 Metaspace       used 43175K, committed 43520K, reserved 1089536K
  class space    used 5718K, committed 5888K, reserved 1048576K
}
Event: 13.542 GC heap after
{Heap after GC invocations=18 (full 0):
 garbage-first heap   total 37888K, used 19507K [0x00000000c3a00000, 0x0000000100000000)
  region size 1024K, 2 young (2048K), 2 survivors (2048K)
 Metaspace       used 43175K, committed 43520K, reserved 1089536K
  class space    used 5718K, committed 5888K, reserved 1048576K
}
Event: 14.153 GC heap before
{Heap before GC invocations=19 (full 0):
 garbage-first heap   total 37888K, used 29747K [0x00000000c3a00000, 0x0000000100000000)
  region size 1024K, 12 young (12288K), 2 survivors (2048K)
 Metaspace       used 46369K, committed 46784K, reserved 1089536K
  class space    used 6131K, committed 6336K, reserved 1048576K
}
Event: 14.156 GC heap after
{Heap after GC invocations=20 (full 0):
 garbage-first heap   total 37888K, used 20144K [0x00000000c3a00000, 0x0000000100000000)
  region size 1024K, 2 young (2048K), 2 survivors (2048K)
 Metaspace       used 46369K, committed 46784K, reserved 1089536K
  class space    used 6131K, committed 6336K, reserved 1048576K
}
Event: 14.515 GC heap before
{Heap before GC invocations=20 (full 0):
 garbage-first heap   total 37888K, used 30384K [0x00000000c3a00000, 0x0000000100000000)
  region size 1024K, 12 young (12288K), 2 survivors (2048K)
 Metaspace       used 48799K, committed 49152K, reserved 1097728K
  class space    used 6540K, committed 6720K, reserved 1048576K
}
Event: 14.519 GC heap after
{Heap after GC invocations=21 (full 0):
 garbage-first heap   total 37888K, used 20889K [0x00000000c3a00000, 0x0000000100000000)
  region size 1024K, 2 young (2048K), 2 survivors (2048K)
 Metaspace       used 48799K, committed 49152K, reserved 1097728K
  class space    used 6540K, committed 6720K, reserved 1048576K
}
Event: 14.862 GC heap before
{Heap before GC invocations=22 (full 0):
 garbage-first heap   total 37888K, used 29081K [0x00000000c3a00000, 0x0000000100000000)
  region size 1024K, 11 young (11264K), 2 survivors (2048K)
 Metaspace       used 50830K, committed 51200K, reserved 1097728K
  class space    used 6800K, committed 6976K, reserved 1048576K
}

