# JRE version: OpenJDK Runtime Environment Temurin-17.0.2+8 (17.0.2+8) (build 17.0.2+8)
# Java VM: OpenJDK 64-Bit Server VM Temurin-17.0.2+8 (17.0.2+8, mixed mode, tiered, compressed oops, compressed class ptrs, g1 gc, windows-amd64)
GC Precious Log:
 CPUs: 4 total, 4 available
 Memory: 3862M
 Large Page Support: Disabled
 NUMA Support: Disabled
 Compressed Oops: Enabled (32-bit)
 Heap Region Size: 1M
 Heap Min Capacity: 8M
 Heap Initial Capacity: 62M
 Heap Max Capacity: 966M
 Pre-touch: Disabled
 Parallel Workers: 4
 Concurrent Workers: 1
 Concurrent Refinement Workers: 4
 Periodic GC: Disabled
Heap:
 garbage-first heap   total 61440K, used 30072K [0x00000000c3a00000, 0x0000000100000000)
  region size 1024K, 9 young (9216K), 2 survivors (2048K)
 Metaspace       used 58073K, committed 58432K, reserved 1105920K
  class space    used 7400K, committed 7552K, reserved 1048576K
GC Heap History (20 events):
Event: 5.558 GC heap before
{Heap before GC invocations=14 (full 0):
 garbage-first heap   total 90112K, used 41847K [0x00000000c3a00000, 0x0000000100000000)
  region size 1024K, 29 young (29696K), 2 survivors (2048K)
 Metaspace       used 35807K, committed 36096K, reserved 1081344K
  class space    used 4213K, committed 4352K, reserved 1048576K
}
Event: 5.561 GC heap after
{Heap after GC invocations=15 (full 0):
 garbage-first heap   total 90112K, used 16034K [0x00000000c3a00000, 0x0000000100000000)
  region size 1024K, 3 young (3072K), 3 survivors (3072K)
 Metaspace       used 35807K, committed 36096K, reserved 1081344K
  class space    used 4213K, committed 4352K, reserved 1048576K
}
Event: 6.104 GC heap before
{Heap before GC invocations=16 (full 0):
 garbage-first heap   total 61440K, used 49826K [0x00000000c3a00000, 0x0000000100000000)
  region size 1024K, 36 young (36864K), 3 survivors (3072K)
 Metaspace       used 38009K, committed 38336K, reserved 1089536K
  class space    used 4517K, committed 4672K, reserved 1048576K
}
Event: 6.108 GC heap after
{Heap after GC invocations=17 (full 0):
 garbage-first heap   total 61440K, used 17086K [0x00000000c3a00000, 0x0000000100000000)
  region size 1024K, 4 young (4096K), 4 survivors (4096K)
 Metaspace       used 38009K, committed 38336K, reserved 1089536K
  class space    used 4517K, committed 4672K, reserved 1048576K
}
Event: 6.794 GC heap before
{Heap before GC invocations=17 (full 0):
 garbage-first heap   total 61440K, used 49854K [0x00000000c3a00000, 0x0000000100000000)
  region size 1024K, 36 young (36864K), 4 survivors (4096K)
 Metaspace       used 40320K, committed 40640K, reserved 1089536K
  class space    used 4847K, committed 4992K, reserved 1048576K
}
Event: 6.799 GC heap after
{Heap after GC invocations=18 (full 0):
 garbage-first heap   total 61440K, used 18541K [0x00000000c3a00000, 0x0000000100000000)
  region size 1024K, 4 young (4096K), 4 survivors (4096K)
 Metaspace       used 40320K, committed 40640K, reserved 1089536K
  class space    used 4847K, committed 4992K, reserved 1048576K
}
Event: 7.525 GC heap before
{Heap before GC invocations=18 (full 0):
 garbage-first heap   total 61440K, used 48237K [0x00000000c3a00000, 0x0000000100000000)
  region size 1024K, 34 young (34816K), 4 survivors (4096K)
 Metaspace       used 42827K, committed 43136K, reserved 1089536K
  class space    used 5210K, committed 5376K, reserved 1048576K
}
Event: 7.531 GC heap after
{Heap after GC invocations=19 (full 0):
 garbage-first heap   total 61440K, used 20298K [0x00000000c3a00000, 0x0000000100000000)
  region size 1024K, 4 young (4096K), 4 survivors (4096K)
 Metaspace       used 42827K, committed 43136K, reserved 1089536K
  class space    used 5210K, committed 5376K, reserved 1048576K
}
Event: 8.480 GC heap before
{Heap before GC invocations=19 (full 0):
 garbage-first heap   total 61440K, used 46922K [0x00000000c3a00000, 0x0000000100000000)
  region size 1024K, 31 young (31744K), 4 survivors (4096K)
 Metaspace       used 45648K, committed 46016K, reserved 1089536K
  class space    used 5513K, committed 5696K, reserved 1048576K
}
Event: 8.486 GC heap after
{Heap after GC invocations=20 (full 0):
 garbage-first heap   total 61440K, used 22103K [0x00000000c3a00000, 0x0000000100000000)
  region size 1024K, 4 young (4096K), 4 survivors (4096K)
 Metaspace       used 45648K, committed 46016K, reserved 1089536K
  class space    used 5513K, committed 5696K, reserved 1048576K
}
Event: 8.941 GC heap before
{Heap before GC invocations=20 (full 0):
 garbage-first heap   total 61440K, used 46679K [0x00000000c3a00000, 0x0000000100000000)
  region size 1024K, 29 young (29696K), 4 survivors (4096K)
 Metaspace       used 47919K, committed 48256K, reserved 1097728K
  class space    used 5806K, committed 5952K, reserved 1048576K
}
Event: 8.946 GC heap after
{Heap after GC invocations=21 (full 0):
 garbage-first heap   total 61440K, used 22528K [0x00000000c3a00000, 0x0000000100000000)
  region size 1024K, 3 young (3072K), 3 survivors (3072K)
 Metaspace       used 47919K, committed 48256K, reserved 1097728K
  class space    used 5806K, committed 5952K, reserved 1048576K
}
Event: 9.443 GC heap before
{Heap before GC invocations=21 (full 0):
 garbage-first heap   total 61440K, used 48128K [0x00000000c3a00000, 0x0000000100000000)
  region size 1024K, 29 young (29696K), 3 survivors (3072K)
 Metaspace       used 50467K, committed 50816K, reserved 1097728K
  class space    used 6301K, committed 6464K, reserved 1048576K
}
Event: 9.447 GC heap after
{Heap after GC invocations=22 (full 0):
 garbage-first heap   total 61440K, used 22898K [0x00000000c3a00000, 0x0000000100000000)
  region size 1024K, 3 young (3072K), 3 survivors (3072K)
 Metaspace       used 50467K, committed 50816K, reserved 1097728K
  class space    used 6301K, committed 6464K, reserved 1048576K
}
Event: 9.803 GC heap before
{Heap before GC invocations=22 (full 0):
 garbage-first heap   total 61440K, used 48498K [0x00000000c3a00000, 0x0000000100000000)
  region size 1024K, 29 young (29696K), 3 survivors (3072K)
 Metaspace       used 52871K, committed 53184K, reserved 1097728K
  class space    used 6646K, committed 6784K, reserved 1048576K
}
Event: 9.808 GC heap after
{Heap after GC invocations=23 (full 0):
 garbage-first heap   total 61440K, used 23753K [0x00000000c3a00000, 0x0000000100000000)
  region size 1024K, 3 young (3072K), 3 survivors (3072K)
 Metaspace       used 52871K, committed 53184K, reserved 1097728K
  class space    used 6646K, committed 6784K, reserved 1048576K
}
Event: 10.228 GC heap before
{Heap before GC invocations=23 (full 0):
 garbage-first heap   total 61440K, used 48329K [0x00000000c3a00000, 0x0000000100000000)
  region size 1024K, 28 young (28672K), 3 survivors (3072K)
 Metaspace       used 55236K, committed 55616K, reserved 1097728K
  class space    used 6931K, committed 7104K, reserved 1048576K
}
Event: 10.233 GC heap after
{Heap after GC invocations=24 (full 0):
 garbage-first heap   total 61440K, used 24632K [0x00000000c3a00000, 0x0000000100000000)
  region size 1024K, 3 young (3072K), 3 survivors (3072K)
 Metaspace       used 55236K, committed 55616K, reserved 1097728K
  class space    used 6931K, committed 7104K, reserved 1048576K
}
Event: 10.593 GC heap before
{Heap before GC invocations=24 (full 0):
 garbage-first heap   total 61440K, used 49208K [0x00000000c3a00000, 0x0000000100000000)
  region size 1024K, 28 young (28672K), 3 survivors (3072K)
 Metaspace       used 57515K, committed 57856K, reserved 1105920K
  class space    used 7305K, committed 7424K, reserved 1048576K
}
Event: 10.597 GC heap after
{Heap after GC invocations=25 (full 0):
 garbage-first heap   total 61440K, used 24952K [0x00000000c3a00000, 0x0000000100000000)
  region size 1024K, 2 young (2048K), 2 survivors (2048K)
 Metaspace       used 57515K, committed 57856K, reserved 1105920K
  class space    used 7305K, committed 7424K, reserved 1048576K
}

