# JRE version: OpenJDK Runtime Environment Temurin-17.0.2+8 (17.0.2+8) (build 17.0.2+8)
# Java VM: OpenJDK 64-Bit Server VM Temurin-17.0.2+8 (17.0.2+8, mixed mode, emulated-client, tiered, compressed oops, compressed class ptrs, g1 gc, windows-amd64)
GC Precious Log:
 CPUs: 4 total, 4 available
 Memory: 3862M
 Large Page Support: Disabled
 NUMA Support: Disabled
 Compressed Oops: Enabled (32-bit)
 Heap Region Size: 1M
 Heap Min Capacity: 8M
 Heap Initial Capacity: 62M
 Heap Max Capacity: 966M
 Pre-touch: Disabled
 Parallel Workers: 4
 Concurrent Workers: 1
 Concurrent Refinement Workers: 4
 Periodic GC: Disabled
Heap:
 garbage-first heap   total 46080K, used 33805K [0x00000000c3a00000, 0x0000000100000000)
  region size 1024K, 14 young (14336K), 2 survivors (2048K)
 Metaspace       used 54304K, committed 54656K, reserved 1097728K
  class space    used 7267K, committed 7424K, reserved 1048576K
GC Heap History (20 events):
Event: 4.804 GC heap before
{Heap before GC invocations=8 (full 0):
 garbage-first heap   total 37888K, used 27124K [0x00000000c3a00000, 0x0000000100000000)
  region size 1024K, 16 young (16384K), 2 survivors (2048K)
 Metaspace       used 30646K, committed 30976K, reserved 1081344K
  class space    used 3801K, committed 3968K, reserved 1048576K
}
Event: 4.806 GC heap after
{Heap after GC invocations=9 (full 0):
 garbage-first heap   total 37888K, used 13585K [0x00000000c3a00000, 0x0000000100000000)
  region size 1024K, 2 young (2048K), 2 survivors (2048K)
 Metaspace       used 30646K, committed 30976K, reserved 1081344K
  class space    used 3801K, committed 3968K, reserved 1048576K
}
Event: 5.228 GC heap before
{Heap before GC invocations=9 (full 0):
 garbage-first heap   total 37888K, used 27921K [0x00000000c3a00000, 0x0000000100000000)
  region size 1024K, 16 young (16384K), 2 survivors (2048K)
 Metaspace       used 32398K, committed 32704K, reserved 1081344K
  class space    used 4071K, committed 4224K, reserved 1048576K
}
Event: 5.232 GC heap after
{Heap after GC invocations=10 (full 0):
 garbage-first heap   total 46080K, used 14726K [0x00000000c3a00000, 0x0000000100000000)
  region size 1024K, 2 young (2048K), 2 survivors (2048K)
 Metaspace       used 32398K, committed 32704K, reserved 1081344K
  class space    used 4071K, committed 4224K, reserved 1048576K
}
Event: 5.869 GC heap before
{Heap before GC invocations=10 (full 0):
 garbage-first heap   total 46080K, used 34182K [0x00000000c3a00000, 0x0000000100000000)
  region size 1024K, 21 young (21504K), 2 survivors (2048K)
 Metaspace       used 34706K, committed 35072K, reserved 1081344K
  class space    used 4419K, committed 4608K, reserved 1048576K
}
Event: 5.879 GC heap after
{Heap after GC invocations=11 (full 0):
 garbage-first heap   total 46080K, used 16153K [0x00000000c3a00000, 0x0000000100000000)
  region size 1024K, 3 young (3072K), 3 survivors (3072K)
 Metaspace       used 34706K, committed 35072K, reserved 1081344K
  class space    used 4419K, committed 4608K, reserved 1048576K
}
Event: 6.805 GC heap before
{Heap before GC invocations=11 (full 0):
 garbage-first heap   total 46080K, used 24345K [0x00000000c3a00000, 0x0000000100000000)
  region size 1024K, 12 young (12288K), 3 survivors (3072K)
 Metaspace       used 35708K, committed 35968K, reserved 1081344K
  class space    used 4605K, committed 4736K, reserved 1048576K
}
Event: 6.811 GC heap after
{Heap after GC invocations=12 (full 0):
 garbage-first heap   total 46080K, used 16997K [0x00000000c3a00000, 0x0000000100000000)
  region size 1024K, 3 young (3072K), 3 survivors (3072K)
 Metaspace       used 35708K, committed 35968K, reserved 1081344K
  class space    used 4605K, committed 4736K, reserved 1048576K
}
Event: 7.520 GC heap before
{Heap before GC invocations=13 (full 0):
 garbage-first heap   total 46080K, used 34405K [0x00000000c3a00000, 0x0000000100000000)
  region size 1024K, 20 young (20480K), 3 survivors (3072K)
 Metaspace       used 38336K, committed 38656K, reserved 1089536K
  class space    used 4964K, committed 5120K, reserved 1048576K
}
Event: 7.526 GC heap after
{Heap after GC invocations=14 (full 0):
 garbage-first heap   total 46080K, used 18825K [0x00000000c3a00000, 0x0000000100000000)
  region size 1024K, 3 young (3072K), 3 survivors (3072K)
 Metaspace       used 38336K, committed 38656K, reserved 1089536K
  class space    used 4964K, committed 5120K, reserved 1048576K
}
Event: 7.774 GC heap before
{Heap before GC invocations=14 (full 0):
 garbage-first heap   total 46080K, used 35209K [0x00000000c3a00000, 0x0000000100000000)
  region size 1024K, 19 young (19456K), 3 survivors (3072K)
 Metaspace       used 39451K, committed 39872K, reserved 1089536K
  class space    used 5119K, committed 5312K, reserved 1048576K
}
Event: 7.779 GC heap after
{Heap after GC invocations=15 (full 0):
 garbage-first heap   total 46080K, used 20095K [0x00000000c3a00000, 0x0000000100000000)
  region size 1024K, 2 young (2048K), 2 survivors (2048K)
 Metaspace       used 39451K, committed 39872K, reserved 1089536K
  class space    used 5119K, committed 5312K, reserved 1048576K
}
Event: 8.185 GC heap before
{Heap before GC invocations=15 (full 0):
 garbage-first heap   total 46080K, used 34431K [0x00000000c3a00000, 0x0000000100000000)
  region size 1024K, 17 young (17408K), 2 survivors (2048K)
 Metaspace       used 41532K, committed 41920K, reserved 1089536K
  class space    used 5419K, committed 5632K, reserved 1048576K
}
Event: 8.188 GC heap after
{Heap after GC invocations=16 (full 0):
 garbage-first heap   total 46080K, used 20715K [0x00000000c3a00000, 0x0000000100000000)
  region size 1024K, 2 young (2048K), 2 survivors (2048K)
 Metaspace       used 41532K, committed 41920K, reserved 1089536K
  class space    used 5419K, committed 5632K, reserved 1048576K
}
Event: 8.703 GC heap before
{Heap before GC invocations=16 (full 0):
 garbage-first heap   total 46080K, used 36075K [0x00000000c3a00000, 0x0000000100000000)
  region size 1024K, 17 young (17408K), 2 survivors (2048K)
 Metaspace       used 45587K, committed 45952K, reserved 1089536K
  class space    used 5900K, committed 6080K, reserved 1048576K
}
Event: 8.707 GC heap after
{Heap after GC invocations=17 (full 0):
 garbage-first heap   total 46080K, used 21622K [0x00000000c3a00000, 0x0000000100000000)
  region size 1024K, 2 young (2048K), 2 survivors (2048K)
 Metaspace       used 45587K, committed 45952K, reserved 1089536K
  class space    used 5900K, committed 6080K, reserved 1048576K
}
Event: 9.113 GC heap before
{Heap before GC invocations=17 (full 0):
 garbage-first heap   total 46080K, used 35958K [0x00000000c3a00000, 0x0000000100000000)
  region size 1024K, 16 young (16384K), 2 survivors (2048K)
 Metaspace       used 49165K, committed 49600K, reserved 1097728K
  class space    used 6575K, committed 6784K, reserved 1048576K
}
Event: 9.117 GC heap after
{Heap after GC invocations=18 (full 0):
 garbage-first heap   total 46080K, used 22508K [0x00000000c3a00000, 0x0000000100000000)
  region size 1024K, 2 young (2048K), 2 survivors (2048K)
 Metaspace       used 49165K, committed 49600K, reserved 1097728K
  class space    used 6575K, committed 6784K, reserved 1048576K
}
Event: 9.589 GC heap before
{Heap before GC invocations=18 (full 0):
 garbage-first heap   total 46080K, used 36844K [0x00000000c3a00000, 0x0000000100000000)
  region size 1024K, 16 young (16384K), 2 survivors (2048K)
 Metaspace       used 52493K, committed 52864K, reserved 1097728K
  class space    used 7008K, committed 7168K, reserved 1048576K
}
Event: 9.594 GC heap after
{Heap after GC invocations=19 (full 0):
 garbage-first heap   total 46080K, used 23565K [0x00000000c3a00000, 0x0000000100000000)
  region size 1024K, 2 young (2048K), 2 survivors (2048K)
 Metaspace       used 52493K, committed 52864K, reserved 1097728K
  class space    used 7008K, committed 7168K, reserved 1048576K
}

