# JRE version: OpenJDK Runtime Environment Temurin-17.0.2+8 (17.0.2+8) (build 17.0.2+8)
# Java VM: OpenJDK 64-Bit Server VM Temurin-17.0.2+8 (17.0.2+8, mixed mode, tiered, compressed oops, compressed class ptrs, g1 gc, windows-amd64)
GC Precious Log:
 CPUs: 4 total, 4 available
 Memory: 3862M
 Large Page Support: Disabled
 NUMA Support: Disabled
 Compressed Oops: Enabled (32-bit)
 Heap Region Size: 1M
 Heap Min Capacity: 8M
 Heap Initial Capacity: 62M
 Heap Max Capacity: 966M
 Pre-touch: Disabled
 Parallel Workers: 4
 Concurrent Workers: 1
 Concurrent Refinement Workers: 4
 Periodic GC: Disabled
Heap:
 garbage-first heap   total 61440K, used 47118K [0x00000000c3a00000, 0x0000000100000000)
  region size 1024K, 29 young (29696K), 3 survivors (3072K)
 Metaspace       used 49978K, committed 50368K, reserved 1097728K
  class space    used 6237K, committed 6400K, reserved 1048576K
GC Heap History (20 events):
Event: 3.898 GC heap before
{Heap before GC invocations=7 (full 0):
 garbage-first heap   total 45056K, used 12770K [0x00000000c3a00000, 0x0000000100000000)
  region size 1024K, 6 young (6144K), 5 survivors (5120K)
 Metaspace       used 24049K, committed 24256K, reserved 1073152K
  class space    used 2645K, committed 2752K, reserved 1048576K
}
Event: 3.902 GC heap after
{Heap after GC invocations=8 (full 0):
 garbage-first heap   total 45056K, used 13051K [0x00000000c3a00000, 0x0000000100000000)
  region size 1024K, 1 young (1024K), 1 survivors (1024K)
 Metaspace       used 24049K, committed 24256K, reserved 1073152K
  class space    used 2645K, committed 2752K, reserved 1048576K
}
Event: 4.080 GC heap before
{Heap before GC invocations=8 (full 0):
 garbage-first heap   total 45056K, used 30459K [0x00000000c3a00000, 0x0000000100000000)
  region size 1024K, 19 young (19456K), 1 survivors (1024K)
 Metaspace       used 25948K, committed 26176K, reserved 1073152K
  class space    used 2913K, committed 3008K, reserved 1048576K
}
Event: 4.082 GC heap after
{Heap after GC invocations=9 (full 0):
 garbage-first heap   total 90112K, used 12733K [0x00000000c3a00000, 0x0000000100000000)
  region size 1024K, 1 young (1024K), 1 survivors (1024K)
 Metaspace       used 25948K, committed 26176K, reserved 1073152K
  class space    used 2913K, committed 3008K, reserved 1048576K
}
Event: 4.694 GC heap before
{Heap before GC invocations=9 (full 0):
 garbage-first heap   total 90112K, used 63933K [0x00000000c3a00000, 0x0000000100000000)
  region size 1024K, 52 young (53248K), 1 survivors (1024K)
 Metaspace       used 30296K, committed 30528K, reserved 1081344K
  class space    used 3516K, committed 3648K, reserved 1048576K
}
Event: 4.697 GC heap after
{Heap after GC invocations=10 (full 0):
 garbage-first heap   total 90112K, used 14530K [0x00000000c3a00000, 0x0000000100000000)
  region size 1024K, 3 young (3072K), 3 survivors (3072K)
 Metaspace       used 30296K, committed 30528K, reserved 1081344K
  class space    used 3516K, committed 3648K, reserved 1048576K
}
Event: 5.490 GC heap before
{Heap before GC invocations=10 (full 0):
 garbage-first heap   total 90112K, used 63682K [0x00000000c3a00000, 0x0000000100000000)
  region size 1024K, 52 young (53248K), 3 survivors (3072K)
 Metaspace       used 34098K, committed 34368K, reserved 1081344K
  class space    used 3954K, committed 4096K, reserved 1048576K
}
Event: 5.494 GC heap after
{Heap after GC invocations=11 (full 0):
 garbage-first heap   total 90112K, used 15677K [0x00000000c3a00000, 0x0000000100000000)
  region size 1024K, 4 young (4096K), 4 survivors (4096K)
 Metaspace       used 34098K, committed 34368K, reserved 1081344K
  class space    used 3954K, committed 4096K, reserved 1048576K
}
Event: 5.915 GC heap before
{Heap before GC invocations=11 (full 0):
 garbage-first heap   total 90112K, used 40253K [0x00000000c3a00000, 0x0000000100000000)
  region size 1024K, 29 young (29696K), 4 survivors (4096K)
 Metaspace       used 35697K, committed 35968K, reserved 1081344K
  class space    used 4189K, committed 4352K, reserved 1048576K
}
Event: 5.920 GC heap after
{Heap after GC invocations=12 (full 0):
 garbage-first heap   total 90112K, used 16084K [0x00000000c3a00000, 0x0000000100000000)
  region size 1024K, 4 young (4096K), 4 survivors (4096K)
 Metaspace       used 35697K, committed 35968K, reserved 1081344K
  class space    used 4189K, committed 4352K, reserved 1048576K
}
Event: 6.453 GC heap before
{Heap before GC invocations=13 (full 0):
 garbage-first heap   total 61440K, used 48852K [0x00000000c3a00000, 0x0000000100000000)
  region size 1024K, 36 young (36864K), 4 survivors (4096K)
 Metaspace       used 37807K, committed 38080K, reserved 1089536K
  class space    used 4485K, committed 4608K, reserved 1048576K
}
Event: 6.459 GC heap after
{Heap after GC invocations=14 (full 0):
 garbage-first heap   total 61440K, used 17342K [0x00000000c3a00000, 0x0000000100000000)
  region size 1024K, 4 young (4096K), 4 survivors (4096K)
 Metaspace       used 37807K, committed 38080K, reserved 1089536K
  class space    used 4485K, committed 4608K, reserved 1048576K
}
Event: 7.081 GC heap before
{Heap before GC invocations=14 (full 0):
 garbage-first heap   total 61440K, used 48062K [0x00000000c3a00000, 0x0000000100000000)
  region size 1024K, 34 young (34816K), 4 survivors (4096K)
 Metaspace       used 40095K, committed 40384K, reserved 1089536K
  class space    used 4806K, committed 4928K, reserved 1048576K
}
Event: 7.088 GC heap after
{Heap after GC invocations=15 (full 0):
 garbage-first heap   total 61440K, used 18811K [0x00000000c3a00000, 0x0000000100000000)
  region size 1024K, 4 young (4096K), 4 survivors (4096K)
 Metaspace       used 40095K, committed 40384K, reserved 1089536K
  class space    used 4806K, committed 4928K, reserved 1048576K
}
Event: 7.621 GC heap before
{Heap before GC invocations=15 (full 0):
 garbage-first heap   total 61440K, used 47483K [0x00000000c3a00000, 0x0000000100000000)
  region size 1024K, 33 young (33792K), 4 survivors (4096K)
 Metaspace       used 42035K, committed 42432K, reserved 1089536K
  class space    used 5108K, committed 5312K, reserved 1048576K
}
Event: 7.626 GC heap after
{Heap after GC invocations=16 (full 0):
 garbage-first heap   total 61440K, used 20416K [0x00000000c3a00000, 0x0000000100000000)
  region size 1024K, 4 young (4096K), 4 survivors (4096K)
 Metaspace       used 42035K, committed 42432K, reserved 1089536K
  class space    used 5108K, committed 5312K, reserved 1048576K
}
Event: 8.307 GC heap before
{Heap before GC invocations=16 (full 0):
 garbage-first heap   total 61440K, used 47040K [0x00000000c3a00000, 0x0000000100000000)
  region size 1024K, 31 young (31744K), 4 survivors (4096K)
 Metaspace       used 45333K, committed 45696K, reserved 1089536K
  class space    used 5474K, committed 5632K, reserved 1048576K
}
Event: 8.312 GC heap after
{Heap after GC invocations=17 (full 0):
 garbage-first heap   total 61440K, used 21563K [0x00000000c3a00000, 0x0000000100000000)
  region size 1024K, 3 young (3072K), 3 survivors (3072K)
 Metaspace       used 45333K, committed 45696K, reserved 1089536K
  class space    used 5474K, committed 5632K, reserved 1048576K
}
Event: 8.896 GC heap before
{Heap before GC invocations=17 (full 0):
 garbage-first heap   total 61440K, used 47163K [0x00000000c3a00000, 0x0000000100000000)
  region size 1024K, 29 young (29696K), 3 survivors (3072K)
 Metaspace       used 47563K, committed 47872K, reserved 1097728K
  class space    used 5743K, committed 5888K, reserved 1048576K
}
Event: 8.908 GC heap after
{Heap after GC invocations=18 (full 0):
 garbage-first heap   total 61440K, used 22542K [0x00000000c3a00000, 0x0000000100000000)
  region size 1024K, 3 young (3072K), 3 survivors (3072K)
 Metaspace       used 47563K, committed 47872K, reserved 1097728K
  class space    used 5743K, committed 5888K, reserved 1048576K
}

