# JRE version: OpenJDK Runtime Environment Temurin-17.0.2+8 (17.0.2+8) (build 17.0.2+8)
# Java VM: OpenJDK 64-Bit Server VM Temurin-17.0.2+8 (17.0.2+8, mixed mode, tiered, compressed oops, compressed class ptrs, g1 gc, windows-amd64)
GC Precious Log:
 CPUs: 4 total, 4 available
 Memory: 3862M
 Large Page Support: Disabled
 NUMA Support: Disabled
 Compressed Oops: Enabled (32-bit)
 Heap Region Size: 1M
 Heap Min Capacity: 8M
 Heap Initial Capacity: 62M
 Heap Max Capacity: 966M
 Pre-touch: Disabled
 Parallel Workers: 4
 Concurrent Workers: 1
 Concurrent Refinement Workers: 4
 Periodic GC: Disabled
Heap:
 garbage-first heap   total 58368K, used 30395K [0x00000000c3a00000, 0x0000000100000000)
  region size 1024K, 13 young (13312K), 3 survivors (3072K)
 Metaspace       used 45715K, committed 46016K, reserved 1089536K
  class space    used 5675K, committed 5824K, reserved 1048576K
GC Heap History (20 events):
Event: 2.817 GC heap before
{Heap before GC invocations=1 (full 0):
 garbage-first heap   total 63488K, used 19377K [0x00000000c3a00000, 0x0000000100000000)
  region size 1024K, 14 young (14336K), 2 survivors (2048K)
 Metaspace       used 13339K, committed 13504K, reserved 1064960K
  class space    used 1382K, committed 1472K, reserved 1048576K
}
Event: 2.822 GC heap after
{Heap after GC invocations=2 (full 0):
 garbage-first heap   total 63488K, used 8502K [0x00000000c3a00000, 0x0000000100000000)
  region size 1024K, 2 young (2048K), 2 survivors (2048K)
 Metaspace       used 13339K, committed 13504K, reserved 1064960K
  class space    used 1382K, committed 1472K, reserved 1048576K
}
Event: 3.694 GC heap before
{Heap before GC invocations=2 (full 0):
 garbage-first heap   total 63488K, used 27958K [0x00000000c3a00000, 0x0000000100000000)
  region size 1024K, 21 young (21504K), 2 survivors (2048K)
 Metaspace       used 18418K, committed 18624K, reserved 1073152K
  class space    used 1997K, committed 2112K, reserved 1048576K
}
Event: 3.701 GC heap after
{Heap after GC invocations=3 (full 0):
 garbage-first heap   total 63488K, used 10064K [0x00000000c3a00000, 0x0000000100000000)
  region size 1024K, 3 young (3072K), 3 survivors (3072K)
 Metaspace       used 18418K, committed 18624K, reserved 1073152K
  class space    used 1997K, committed 2112K, reserved 1048576K
}
Event: 4.619 GC heap before
{Heap before GC invocations=3 (full 0):
 garbage-first heap   total 63488K, used 21328K [0x00000000c3a00000, 0x0000000100000000)
  region size 1024K, 16 young (16384K), 3 survivors (3072K)
 Metaspace       used 21350K, committed 21568K, reserved 1073152K
  class space    used 2422K, committed 2496K, reserved 1048576K
}
Event: 4.624 GC heap after
{Heap after GC invocations=4 (full 0):
 garbage-first heap   total 63488K, used 11551K [0x00000000c3a00000, 0x0000000100000000)
  region size 1024K, 4 young (4096K), 4 survivors (4096K)
 Metaspace       used 21350K, committed 21568K, reserved 1073152K
  class space    used 2422K, committed 2496K, reserved 1048576K
}
Event: 5.106 GC heap before
{Heap before GC invocations=5 (full 0):
 garbage-first heap   total 48128K, used 34079K [0x00000000c3a00000, 0x0000000100000000)
  region size 1024K, 27 young (27648K), 4 survivors (4096K)
 Metaspace       used 25870K, committed 26048K, reserved 1073152K
  class space    used 3110K, committed 3200K, reserved 1048576K
}
Event: 5.112 GC heap after
{Heap after GC invocations=6 (full 0):
 garbage-first heap   total 48128K, used 12627K [0x00000000c3a00000, 0x0000000100000000)
  region size 1024K, 3 young (3072K), 3 survivors (3072K)
 Metaspace       used 25870K, committed 26048K, reserved 1073152K
  class space    used 3110K, committed 3200K, reserved 1048576K
}
Event: 5.372 GC heap before
{Heap before GC invocations=6 (full 0):
 garbage-first heap   total 48128K, used 30035K [0x00000000c3a00000, 0x0000000100000000)
  region size 1024K, 21 young (21504K), 3 survivors (3072K)
 Metaspace       used 28820K, committed 29120K, reserved 1081344K
  class space    used 3432K, committed 3584K, reserved 1048576K
}
Event: 5.378 GC heap after
{Heap after GC invocations=7 (full 0):
 garbage-first heap   total 48128K, used 13973K [0x00000000c3a00000, 0x0000000100000000)
  region size 1024K, 3 young (3072K), 3 survivors (3072K)
 Metaspace       used 28820K, committed 29120K, reserved 1081344K
  class space    used 3432K, committed 3584K, reserved 1048576K
}
Event: 5.682 GC heap before
{Heap before GC invocations=7 (full 0):
 garbage-first heap   total 48128K, used 33429K [0x00000000c3a00000, 0x0000000100000000)
  region size 1024K, 22 young (22528K), 3 survivors (3072K)
 Metaspace       used 31803K, committed 32128K, reserved 1081344K
  class space    used 3799K, committed 3968K, reserved 1048576K
}
Event: 5.686 GC heap after
{Heap after GC invocations=8 (full 0):
 garbage-first heap   total 48128K, used 14801K [0x00000000c3a00000, 0x0000000100000000)
  region size 1024K, 3 young (3072K), 3 survivors (3072K)
 Metaspace       used 31803K, committed 32128K, reserved 1081344K
  class space    used 3799K, committed 3968K, reserved 1048576K
}
Event: 6.209 GC heap before
{Heap before GC invocations=8 (full 0):
 garbage-first heap   total 48128K, used 33233K [0x00000000c3a00000, 0x0000000100000000)
  region size 1024K, 21 young (21504K), 3 survivors (3072K)
 Metaspace       used 34087K, committed 34432K, reserved 1081344K
  class space    used 4126K, committed 4288K, reserved 1048576K
}
Event: 6.214 GC heap after
{Heap after GC invocations=9 (full 0):
 garbage-first heap   total 58368K, used 15752K [0x00000000c3a00000, 0x0000000100000000)
  region size 1024K, 3 young (3072K), 3 survivors (3072K)
 Metaspace       used 34087K, committed 34432K, reserved 1081344K
  class space    used 4126K, committed 4288K, reserved 1048576K
}
Event: 6.626 GC heap before
{Heap before GC invocations=9 (full 0):
 garbage-first heap   total 58368K, used 28040K [0x00000000c3a00000, 0x0000000100000000)
  region size 1024K, 16 young (16384K), 3 survivors (3072K)
 Metaspace       used 35902K, committed 36160K, reserved 1081344K
  class space    used 4365K, committed 4480K, reserved 1048576K
}
Event: 6.630 GC heap after
{Heap after GC invocations=10 (full 0):
 garbage-first heap   total 58368K, used 16668K [0x00000000c3a00000, 0x0000000100000000)
  region size 1024K, 3 young (3072K), 3 survivors (3072K)
 Metaspace       used 35902K, committed 36160K, reserved 1081344K
  class space    used 4365K, committed 4480K, reserved 1048576K
}
Event: 7.364 GC heap before
{Heap before GC invocations=11 (full 0):
 garbage-first heap   total 58368K, used 43292K [0x00000000c3a00000, 0x0000000100000000)
  region size 1024K, 29 young (29696K), 3 survivors (3072K)
 Metaspace       used 38161K, committed 38464K, reserved 1089536K
  class space    used 4724K, committed 4864K, reserved 1048576K
}
Event: 7.370 GC heap after
{Heap after GC invocations=12 (full 0):
 garbage-first heap   total 58368K, used 18784K [0x00000000c3a00000, 0x0000000100000000)
  region size 1024K, 4 young (4096K), 4 survivors (4096K)
 Metaspace       used 38161K, committed 38464K, reserved 1089536K
  class space    used 4724K, committed 4864K, reserved 1048576K
}
Event: 8.478 GC heap before
{Heap before GC invocations=12 (full 0):
 garbage-first heap   total 58368K, used 43360K [0x00000000c3a00000, 0x0000000100000000)
  region size 1024K, 28 young (28672K), 4 survivors (4096K)
 Metaspace       used 43447K, committed 43840K, reserved 1089536K
  class space    used 5378K, committed 5568K, reserved 1048576K
}
Event: 8.487 GC heap after
{Heap after GC invocations=13 (full 0):
 garbage-first heap   total 58368K, used 21179K [0x00000000c3a00000, 0x0000000100000000)
  region size 1024K, 3 young (3072K), 3 survivors (3072K)
 Metaspace       used 43447K, committed 43840K, reserved 1089536K
  class space    used 5378K, committed 5568K, reserved 1048576K
}

