# JRE version: OpenJDK Runtime Environment Temurin-17.0.2+8 (17.0.2+8) (build 17.0.2+8)
# Java VM: OpenJDK 64-Bit Server VM Temurin-17.0.2+8 (17.0.2+8, mixed mode, tiered, compressed oops, compressed class ptrs, g1 gc, windows-amd64)
GC Precious Log:
 CPUs: 4 total, 4 available
 Memory: 3862M
 Large Page Support: Disabled
 NUMA Support: Disabled
 Compressed Oops: Enabled (32-bit)
 Heap Region Size: 1M
 Heap Min Capacity: 8M
 Heap Initial Capacity: 62M
 Heap Max Capacity: 966M
 Pre-touch: Disabled
 Parallel Workers: 4
 Concurrent Workers: 1
 Concurrent Refinement Workers: 4
 Periodic GC: Disabled
Heap:
 garbage-first heap   total 45056K, used 25983K [0x00000000c3a00000, 0x0000000100000000)
  region size 1024K, 6 young (6144K), 2 survivors (2048K)
 Metaspace       used 50989K, committed 51264K, reserved 1097728K
  class space    used 6401K, committed 6528K, reserved 1048576K
GC Heap History (20 events):
Event: 21.817 GC heap before
{Heap before GC invocations=18 (full 0):
 garbage-first heap   total 45056K, used 36703K [0x00000000c3a00000, 0x0000000100000000)
  region size 1024K, 22 young (22528K), 2 survivors (2048K)
 Metaspace       used 38586K, committed 38912K, reserved 1089536K
  class space    used 4580K, committed 4736K, reserved 1048576K
}
Event: 21.826 GC heap after
{Heap after GC invocations=19 (full 0):
 garbage-first heap   total 45056K, used 16863K [0x00000000c3a00000, 0x0000000100000000)
  region size 1024K, 3 young (3072K), 3 survivors (3072K)
 Metaspace       used 38586K, committed 38912K, reserved 1089536K
  class space    used 4580K, committed 4736K, reserved 1048576K
}
Event: 24.609 GC heap before
{Heap before GC invocations=19 (full 0):
 garbage-first heap   total 45056K, used 35295K [0x00000000c3a00000, 0x0000000100000000)
  region size 1024K, 21 young (21504K), 3 survivors (3072K)
 Metaspace       used 39986K, committed 40256K, reserved 1089536K
  class space    used 4780K, committed 4928K, reserved 1048576K
}
Event: 24.620 GC heap after
{Heap after GC invocations=20 (full 0):
 garbage-first heap   total 45056K, used 18025K [0x00000000c3a00000, 0x0000000100000000)
  region size 1024K, 3 young (3072K), 3 survivors (3072K)
 Metaspace       used 39986K, committed 40256K, reserved 1089536K
  class space    used 4780K, committed 4928K, reserved 1048576K
}
Event: 27.237 GC heap before
{Heap before GC invocations=20 (full 0):
 garbage-first heap   total 45056K, used 35433K [0x00000000c3a00000, 0x0000000100000000)
  region size 1024K, 20 young (20480K), 3 survivors (3072K)
 Metaspace       used 40851K, committed 41152K, reserved 1089536K
  class space    used 4925K, committed 5056K, reserved 1048576K
}
Event: 27.259 GC heap after
{Heap after GC invocations=21 (full 0):
 garbage-first heap   total 45056K, used 19262K [0x00000000c3a00000, 0x0000000100000000)
  region size 1024K, 3 young (3072K), 3 survivors (3072K)
 Metaspace       used 40851K, committed 41152K, reserved 1089536K
  class space    used 4925K, committed 5056K, reserved 1048576K
}
Event: 29.631 GC heap before
{Heap before GC invocations=21 (full 0):
 garbage-first heap   total 45056K, used 35646K [0x00000000c3a00000, 0x0000000100000000)
  region size 1024K, 19 young (19456K), 3 survivors (3072K)
 Metaspace       used 41814K, committed 42176K, reserved 1089536K
  class space    used 5073K, committed 5248K, reserved 1048576K
}
Event: 29.644 GC heap after
{Heap after GC invocations=22 (full 0):
 garbage-first heap   total 45056K, used 20144K [0x00000000c3a00000, 0x0000000100000000)
  region size 1024K, 3 young (3072K), 3 survivors (3072K)
 Metaspace       used 41814K, committed 42176K, reserved 1089536K
  class space    used 5073K, committed 5248K, reserved 1048576K
}
Event: 33.787 GC heap before
{Heap before GC invocations=22 (full 0):
 garbage-first heap   total 45056K, used 35504K [0x00000000c3a00000, 0x0000000100000000)
  region size 1024K, 18 young (18432K), 3 survivors (3072K)
 Metaspace       used 43835K, committed 44160K, reserved 1089536K
  class space    used 5323K, committed 5504K, reserved 1048576K
}
Event: 33.941 GC heap after
{Heap after GC invocations=23 (full 0):
 garbage-first heap   total 45056K, used 20828K [0x00000000c3a00000, 0x0000000100000000)
  region size 1024K, 2 young (2048K), 2 survivors (2048K)
 Metaspace       used 43835K, committed 44160K, reserved 1089536K
  class space    used 5323K, committed 5504K, reserved 1048576K
}
Event: 35.302 GC heap before
{Heap before GC invocations=23 (full 0):
 garbage-first heap   total 45056K, used 35164K [0x00000000c3a00000, 0x0000000100000000)
  region size 1024K, 17 young (17408K), 2 survivors (2048K)
 Metaspace       used 45614K, committed 45952K, reserved 1089536K
  class space    used 5504K, committed 5696K, reserved 1048576K
}
Event: 35.311 GC heap after
{Heap after GC invocations=24 (full 0):
 garbage-first heap   total 45056K, used 21108K [0x00000000c3a00000, 0x0000000100000000)
  region size 1024K, 2 young (2048K), 2 survivors (2048K)
 Metaspace       used 45614K, committed 45952K, reserved 1089536K
  class space    used 5504K, committed 5696K, reserved 1048576K
}
Event: 37.506 GC heap before
{Heap before GC invocations=24 (full 0):
 garbage-first heap   total 45056K, used 35444K [0x00000000c3a00000, 0x0000000100000000)
  region size 1024K, 17 young (17408K), 2 survivors (2048K)
 Metaspace       used 46844K, committed 47232K, reserved 1097728K
  class space    used 5638K, committed 5824K, reserved 1048576K
}
Event: 37.515 GC heap after
{Heap after GC invocations=25 (full 0):
 garbage-first heap   total 45056K, used 21725K [0x00000000c3a00000, 0x0000000100000000)
  region size 1024K, 2 young (2048K), 2 survivors (2048K)
 Metaspace       used 46844K, committed 47232K, reserved 1097728K
  class space    used 5638K, committed 5824K, reserved 1048576K
}
Event: 38.956 GC heap before
{Heap before GC invocations=25 (full 0):
 garbage-first heap   total 45056K, used 35037K [0x00000000c3a00000, 0x0000000100000000)
  region size 1024K, 16 young (16384K), 2 survivors (2048K)
 Metaspace       used 48072K, committed 48448K, reserved 1097728K
  class space    used 5823K, committed 6016K, reserved 1048576K
}
Event: 38.964 GC heap after
{Heap after GC invocations=26 (full 0):
 garbage-first heap   total 45056K, used 22213K [0x00000000c3a00000, 0x0000000100000000)
  region size 1024K, 2 young (2048K), 2 survivors (2048K)
 Metaspace       used 48072K, committed 48448K, reserved 1097728K
  class space    used 5823K, committed 6016K, reserved 1048576K
}
Event: 40.299 GC heap before
{Heap before GC invocations=27 (full 0):
 garbage-first heap   total 45056K, used 36549K [0x00000000c3a00000, 0x0000000100000000)
  region size 1024K, 16 young (16384K), 2 survivors (2048K)
 Metaspace       used 49228K, committed 49600K, reserved 1097728K
  class space    used 6047K, committed 6208K, reserved 1048576K
}
Event: 40.302 GC heap after
{Heap after GC invocations=28 (full 0):
 garbage-first heap   total 45056K, used 22470K [0x00000000c3a00000, 0x0000000100000000)
  region size 1024K, 2 young (2048K), 2 survivors (2048K)
 Metaspace       used 49228K, committed 49600K, reserved 1097728K
  class space    used 6047K, committed 6208K, reserved 1048576K
}
Event: 40.936 GC heap before
{Heap before GC invocations=28 (full 0):
 garbage-first heap   total 45056K, used 35782K [0x00000000c3a00000, 0x0000000100000000)
  region size 1024K, 16 young (16384K), 2 survivors (2048K)
 Metaspace       used 50702K, committed 51008K, reserved 1097728K
  class space    used 6343K, committed 6464K, reserved 1048576K
}
Event: 40.944 GC heap after
{Heap after GC invocations=29 (full 0):
 garbage-first heap   total 45056K, used 22911K [0x00000000c3a00000, 0x0000000100000000)
  region size 1024K, 2 young (2048K), 2 survivors (2048K)
 Metaspace       used 50702K, committed 51008K, reserved 1097728K
  class space    used 6343K, committed 6464K, reserved 1048576K
}

