# JRE version: OpenJDK Runtime Environment Temurin-17.0.2+8 (17.0.2+8) (build 17.0.2+8)
# Java VM: OpenJDK 64-Bit Server VM Temurin-17.0.2+8 (17.0.2+8, mixed mode, tiered, compressed oops, compressed class ptrs, g1 gc, windows-amd64)
GC Precious Log:
 CPUs: 4 total, 4 available
 Memory: 3862M
 Large Page Support: Disabled
 NUMA Support: Disabled
 Compressed Oops: Enabled (32-bit)
 Heap Region Size: 1M
 Heap Min Capacity: 8M
 Heap Initial Capacity: 62M
 Heap Max Capacity: 966M
 Pre-touch: Disabled
 Parallel Workers: 4
 Concurrent Workers: 1
 Concurrent Refinement Workers: 4
 Periodic GC: Disabled
Heap:
 garbage-first heap   total 59392K, used 24300K [0x00000000c3a00000, 0x0000000100000000)
  region size 1024K, 3 young (3072K), 3 survivors (3072K)
 Metaspace       used 56979K, committed 57280K, reserved 1105920K
  class space    used 7205K, committed 7360K, reserved 1048576K
GC Heap History (20 events):
Event: 5.221 GC heap before
{Heap before GC invocations=14 (full 0):
 garbage-first heap   total 49152K, used 19490K [0x00000000c3a00000, 0x0000000100000000)
  region size 1024K, 8 young (8192K), 3 survivors (3072K)
 Metaspace       used 35695K, committed 35968K, reserved 1081344K
  class space    used 4193K, committed 4352K, reserved 1048576K
}
Event: 5.225 GC heap after
{Heap after GC invocations=15 (full 0):
 garbage-first heap   total 49152K, used 15440K [0x00000000c3a00000, 0x0000000100000000)
  region size 1024K, 2 young (2048K), 2 survivors (2048K)
 Metaspace       used 35695K, committed 35968K, reserved 1081344K
  class space    used 4193K, committed 4352K, reserved 1048576K
}
Event: 5.644 GC heap before
{Heap before GC invocations=16 (full 0):
 garbage-first heap   total 49152K, used 38992K [0x00000000c3a00000, 0x0000000100000000)
  region size 1024K, 26 young (26624K), 2 survivors (2048K)
 Metaspace       used 37277K, committed 37568K, reserved 1089536K
  class space    used 4414K, committed 4544K, reserved 1048576K
}
Event: 5.648 GC heap after
{Heap after GC invocations=17 (full 0):
 garbage-first heap   total 49152K, used 16305K [0x00000000c3a00000, 0x0000000100000000)
  region size 1024K, 3 young (3072K), 3 survivors (3072K)
 Metaspace       used 37277K, committed 37568K, reserved 1089536K
  class space    used 4414K, committed 4544K, reserved 1048576K
}
Event: 5.669 GC heap before
{Heap before GC invocations=17 (full 0):
 garbage-first heap   total 49152K, used 17329K [0x00000000c3a00000, 0x0000000100000000)
  region size 1024K, 4 young (4096K), 3 survivors (3072K)
 Metaspace       used 37353K, committed 37632K, reserved 1089536K
  class space    used 4422K, committed 4544K, reserved 1048576K
}
Event: 5.674 GC heap after
{Heap after GC invocations=18 (full 0):
 garbage-first heap   total 59392K, used 16380K [0x00000000c3a00000, 0x0000000100000000)
  region size 1024K, 1 young (1024K), 1 survivors (1024K)
 Metaspace       used 37353K, committed 37632K, reserved 1089536K
  class space    used 4422K, committed 4544K, reserved 1048576K
}
Event: 6.397 GC heap before
{Heap before GC invocations=18 (full 0):
 garbage-first heap   total 59392K, used 48124K [0x00000000c3a00000, 0x0000000100000000)
  region size 1024K, 32 young (32768K), 1 survivors (1024K)
 Metaspace       used 39801K, committed 40128K, reserved 1089536K
  class space    used 4760K, committed 4928K, reserved 1048576K
}
Event: 6.400 GC heap after
{Heap after GC invocations=19 (full 0):
 garbage-first heap   total 59392K, used 17588K [0x00000000c3a00000, 0x0000000100000000)
  region size 1024K, 2 young (2048K), 2 survivors (2048K)
 Metaspace       used 39801K, committed 40128K, reserved 1089536K
  class space    used 4760K, committed 4928K, reserved 1048576K
}
Event: 7.162 GC heap before
{Heap before GC invocations=19 (full 0):
 garbage-first heap   total 59392K, used 48308K [0x00000000c3a00000, 0x0000000100000000)
  region size 1024K, 32 young (32768K), 2 survivors (2048K)
 Metaspace       used 41508K, committed 41856K, reserved 1089536K
  class space    used 5035K, committed 5184K, reserved 1048576K
}
Event: 7.167 GC heap after
{Heap after GC invocations=20 (full 0):
 garbage-first heap   total 59392K, used 19403K [0x00000000c3a00000, 0x0000000100000000)
  region size 1024K, 4 young (4096K), 4 survivors (4096K)
 Metaspace       used 41508K, committed 41856K, reserved 1089536K
  class space    used 5035K, committed 5184K, reserved 1048576K
}
Event: 7.904 GC heap before
{Heap before GC invocations=20 (full 0):
 garbage-first heap   total 59392K, used 48075K [0x00000000c3a00000, 0x0000000100000000)
  region size 1024K, 32 young (32768K), 4 survivors (4096K)
 Metaspace       used 45048K, committed 45440K, reserved 1089536K
  class space    used 5440K, committed 5632K, reserved 1048576K
}
Event: 7.912 GC heap after
{Heap after GC invocations=21 (full 0):
 garbage-first heap   total 59392K, used 20530K [0x00000000c3a00000, 0x0000000100000000)
  region size 1024K, 3 young (3072K), 3 survivors (3072K)
 Metaspace       used 45048K, committed 45440K, reserved 1089536K
  class space    used 5440K, committed 5632K, reserved 1048576K
}
Event: 8.536 GC heap before
{Heap before GC invocations=21 (full 0):
 garbage-first heap   total 59392K, used 48178K [0x00000000c3a00000, 0x0000000100000000)
  region size 1024K, 30 young (30720K), 3 survivors (3072K)
 Metaspace       used 47325K, committed 47680K, reserved 1097728K
  class space    used 5713K, committed 5888K, reserved 1048576K
}
Event: 8.545 GC heap after
{Heap after GC invocations=22 (full 0):
 garbage-first heap   total 59392K, used 21386K [0x00000000c3a00000, 0x0000000100000000)
  region size 1024K, 2 young (2048K), 2 survivors (2048K)
 Metaspace       used 47325K, committed 47680K, reserved 1097728K
  class space    used 5713K, committed 5888K, reserved 1048576K
}
Event: 9.557 GC heap before
{Heap before GC invocations=22 (full 0):
 garbage-first heap   total 59392K, used 49034K [0x00000000c3a00000, 0x0000000100000000)
  region size 1024K, 29 young (29696K), 2 survivors (2048K)
 Metaspace       used 49828K, committed 50176K, reserved 1097728K
  class space    used 6216K, committed 6400K, reserved 1048576K
}
Event: 9.560 GC heap after
{Heap after GC invocations=23 (full 0):
 garbage-first heap   total 59392K, used 22120K [0x00000000c3a00000, 0x0000000100000000)
  region size 1024K, 3 young (3072K), 3 survivors (3072K)
 Metaspace       used 49828K, committed 50176K, reserved 1097728K
  class space    used 6216K, committed 6400K, reserved 1048576K
}
Event: 10.069 GC heap before
{Heap before GC invocations=23 (full 0):
 garbage-first heap   total 59392K, used 47720K [0x00000000c3a00000, 0x0000000100000000)
  region size 1024K, 29 young (29696K), 3 survivors (3072K)
 Metaspace       used 52262K, committed 52608K, reserved 1097728K
  class space    used 6563K, committed 6720K, reserved 1048576K
}
Event: 10.080 GC heap after
{Heap after GC invocations=24 (full 0):
 garbage-first heap   total 59392K, used 22799K [0x00000000c3a00000, 0x0000000100000000)
  region size 1024K, 3 young (3072K), 3 survivors (3072K)
 Metaspace       used 52262K, committed 52608K, reserved 1097728K
  class space    used 6563K, committed 6720K, reserved 1048576K
}
Event: 10.460 GC heap before
{Heap before GC invocations=24 (full 0):
 garbage-first heap   total 59392K, used 49423K [0x00000000c3a00000, 0x0000000100000000)
  region size 1024K, 29 young (29696K), 3 survivors (3072K)
 Metaspace       used 54739K, committed 55040K, reserved 1097728K
  class space    used 6875K, committed 7040K, reserved 1048576K
}
Event: 10.467 GC heap after
{Heap after GC invocations=25 (full 0):
 garbage-first heap   total 59392K, used 23898K [0x00000000c3a00000, 0x0000000100000000)
  region size 1024K, 3 young (3072K), 3 survivors (3072K)
 Metaspace       used 54739K, committed 55040K, reserved 1097728K
  class space    used 6875K, committed 7040K, reserved 1048576K
}

