# JRE version: OpenJDK Runtime Environment Temurin-17.0.2+8 (17.0.2+8) (build 17.0.2+8)
# Java VM: OpenJDK 64-Bit Server VM Temurin-17.0.2+8 (17.0.2+8, mixed mode, tiered, compressed oops, compressed class ptrs, g1 gc, windows-amd64)
GC Precious Log:
 CPUs: 4 total, 4 available
 Memory: 3862M
 Large Page Support: Disabled
 NUMA Support: Disabled
 Compressed Oops: Enabled (32-bit)
 Heap Region Size: 1M
 Heap Min Capacity: 8M
 Heap Initial Capacity: 62M
 Heap Max Capacity: 966M
 Pre-touch: Disabled
 Parallel Workers: 4
 Concurrent Workers: 1
 Concurrent Refinement Workers: 4
 Periodic GC: Disabled
Heap:
 garbage-first heap   total 45056K, used 33456K [0x00000000c3a00000, 0x0000000100000000)
  region size 1024K, 16 young (16384K), 3 survivors (3072K)
 Metaspace       used 45332K, committed 45632K, reserved 1089536K
  class space    used 5592K, committed 5696K, reserved 1048576K
GC Heap History (20 events):
Event: 14.887 GC heap before
{Heap before GC invocations=3 (full 0):
 garbage-first heap   total 63488K, used 25351K [0x00000000c3a00000, 0x0000000100000000)
  region size 1024K, 19 young (19456K), 3 survivors (3072K)
 Metaspace       used 21373K, committed 21504K, reserved 1073152K
  class space    used 2429K, committed 2496K, reserved 1048576K
}
Event: 14.893 GC heap after
{Heap after GC invocations=4 (full 0):
 garbage-first heap   total 63488K, used 11363K [0x00000000c3a00000, 0x0000000100000000)
  region size 1024K, 4 young (4096K), 4 survivors (4096K)
 Metaspace       used 21373K, committed 21504K, reserved 1073152K
  class space    used 2429K, committed 2496K, reserved 1048576K
}
Event: 15.759 GC heap before
{Heap before GC invocations=5 (full 0):
 garbage-first heap   total 45056K, used 32867K [0x00000000c3a00000, 0x0000000100000000)
  region size 1024K, 26 young (26624K), 4 survivors (4096K)
 Metaspace       used 25815K, committed 26048K, reserved 1073152K
  class space    used 3106K, committed 3200K, reserved 1048576K
}
Event: 15.765 GC heap after
{Heap after GC invocations=6 (full 0):
 garbage-first heap   total 45056K, used 12670K [0x00000000c3a00000, 0x0000000100000000)
  region size 1024K, 3 young (3072K), 3 survivors (3072K)
 Metaspace       used 25815K, committed 26048K, reserved 1073152K
  class space    used 3106K, committed 3200K, reserved 1048576K
}
Event: 16.513 GC heap before
{Heap before GC invocations=6 (full 0):
 garbage-first heap   total 45056K, used 28030K [0x00000000c3a00000, 0x0000000100000000)
  region size 1024K, 19 young (19456K), 3 survivors (3072K)
 Metaspace       used 29555K, committed 29824K, reserved 1081344K
  class space    used 3516K, committed 3648K, reserved 1048576K
}
Event: 16.518 GC heap after
{Heap after GC invocations=7 (full 0):
 garbage-first heap   total 45056K, used 13276K [0x00000000c3a00000, 0x0000000100000000)
  region size 1024K, 2 young (2048K), 2 survivors (2048K)
 Metaspace       used 29555K, committed 29824K, reserved 1081344K
  class space    used 3516K, committed 3648K, reserved 1048576K
}
Event: 17.245 GC heap before
{Heap before GC invocations=7 (full 0):
 garbage-first heap   total 45056K, used 29660K [0x00000000c3a00000, 0x0000000100000000)
  region size 1024K, 19 young (19456K), 2 survivors (2048K)
 Metaspace       used 31665K, committed 31936K, reserved 1081344K
  class space    used 3794K, committed 3904K, reserved 1048576K
}
Event: 17.249 GC heap after
{Heap after GC invocations=8 (full 0):
 garbage-first heap   total 45056K, used 14587K [0x00000000c3a00000, 0x0000000100000000)
  region size 1024K, 3 young (3072K), 3 survivors (3072K)
 Metaspace       used 31665K, committed 31936K, reserved 1081344K
  class space    used 3794K, committed 3904K, reserved 1048576K
}
Event: 17.923 GC heap before
{Heap before GC invocations=8 (full 0):
 garbage-first heap   total 45056K, used 30971K [0x00000000c3a00000, 0x0000000100000000)
  region size 1024K, 19 young (19456K), 3 survivors (3072K)
 Metaspace       used 33277K, committed 33536K, reserved 1081344K
  class space    used 4027K, committed 4160K, reserved 1048576K
}
Event: 17.927 GC heap after
{Heap after GC invocations=9 (full 0):
 garbage-first heap   total 45056K, used 15434K [0x00000000c3a00000, 0x0000000100000000)
  region size 1024K, 3 young (3072K), 3 survivors (3072K)
 Metaspace       used 33277K, committed 33536K, reserved 1081344K
  class space    used 4027K, committed 4160K, reserved 1048576K
}
Event: 18.946 GC heap before
{Heap before GC invocations=9 (full 0):
 garbage-first heap   total 45056K, used 32842K [0x00000000c3a00000, 0x0000000100000000)
  region size 1024K, 20 young (20480K), 3 survivors (3072K)
 Metaspace       used 35813K, committed 36096K, reserved 1081344K
  class space    used 4354K, committed 4480K, reserved 1048576K
}
Event: 18.953 GC heap after
{Heap after GC invocations=10 (full 0):
 garbage-first heap   total 45056K, used 16904K [0x00000000c3a00000, 0x0000000100000000)
  region size 1024K, 3 young (3072K), 3 survivors (3072K)
 Metaspace       used 35813K, committed 36096K, reserved 1081344K
  class space    used 4354K, committed 4480K, reserved 1048576K
}
Event: 19.143 GC heap before
{Heap before GC invocations=10 (full 0):
 garbage-first heap   total 45056K, used 17928K [0x00000000c3a00000, 0x0000000100000000)
  region size 1024K, 5 young (5120K), 3 survivors (3072K)
 Metaspace       used 36035K, committed 36288K, reserved 1081344K
  class space    used 4377K, committed 4480K, reserved 1048576K
}
Event: 19.147 GC heap after
{Heap after GC invocations=11 (full 0):
 garbage-first heap   total 45056K, used 17115K [0x00000000c3a00000, 0x0000000100000000)
  region size 1024K, 2 young (2048K), 2 survivors (2048K)
 Metaspace       used 36035K, committed 36288K, reserved 1081344K
  class space    used 4377K, committed 4480K, reserved 1048576K
}
Event: 20.049 GC heap before
{Heap before GC invocations=12 (full 0):
 garbage-first heap   total 45056K, used 33499K [0x00000000c3a00000, 0x0000000100000000)
  region size 1024K, 18 young (18432K), 2 survivors (2048K)
 Metaspace       used 37469K, committed 37760K, reserved 1089536K
  class space    used 4606K, committed 4736K, reserved 1048576K
}
Event: 20.053 GC heap after
{Heap after GC invocations=13 (full 0):
 garbage-first heap   total 45056K, used 18265K [0x00000000c3a00000, 0x0000000100000000)
  region size 1024K, 3 young (3072K), 3 survivors (3072K)
 Metaspace       used 37469K, committed 37760K, reserved 1089536K
  class space    used 4606K, committed 4736K, reserved 1048576K
}
Event: 20.565 GC heap before
{Heap before GC invocations=13 (full 0):
 garbage-first heap   total 45056K, used 33625K [0x00000000c3a00000, 0x0000000100000000)
  region size 1024K, 18 young (18432K), 3 survivors (3072K)
 Metaspace       used 38833K, committed 39104K, reserved 1089536K
  class space    used 4831K, committed 4928K, reserved 1048576K
}
Event: 20.571 GC heap after
{Heap after GC invocations=14 (full 0):
 garbage-first heap   total 45056K, used 19643K [0x00000000c3a00000, 0x0000000100000000)
  region size 1024K, 3 young (3072K), 3 survivors (3072K)
 Metaspace       used 38833K, committed 39104K, reserved 1089536K
  class space    used 4831K, committed 4928K, reserved 1048576K
}
Event: 22.294 GC heap before
{Heap before GC invocations=14 (full 0):
 garbage-first heap   total 45056K, used 32955K [0x00000000c3a00000, 0x0000000100000000)
  region size 1024K, 17 young (17408K), 3 survivors (3072K)
 Metaspace       used 43268K, committed 43648K, reserved 1089536K
  class space    used 5328K, committed 5504K, reserved 1048576K
}
Event: 22.301 GC heap after
{Heap after GC invocations=15 (full 0):
 garbage-first heap   total 45056K, used 21168K [0x00000000c3a00000, 0x0000000100000000)
  region size 1024K, 3 young (3072K), 3 survivors (3072K)
 Metaspace       used 43268K, committed 43648K, reserved 1089536K
  class space    used 5328K, committed 5504K, reserved 1048576K
}

