# JRE version: OpenJDK Runtime Environment Temurin-17.0.2+8 (17.0.2+8) (build 17.0.2+8)
# Java VM: OpenJDK 64-Bit Server VM Temurin-17.0.2+8 (17.0.2+8, mixed mode, emulated-client, tiered, compressed oops, compressed class ptrs, g1 gc, windows-amd64)
GC Precious Log:
 CPUs: 4 total, 4 available
 Memory: 3862M
 Large Page Support: Disabled
 NUMA Support: Disabled
 Compressed Oops: Enabled (32-bit)
 Heap Region Size: 1M
 Heap Min Capacity: 8M
 Heap Initial Capacity: 62M
 Heap Max Capacity: 966M
 Pre-touch: Disabled
 Parallel Workers: 4
 Concurrent Workers: 1
 Concurrent Refinement Workers: 4
 Periodic GC: Disabled
Heap:
 garbage-first heap   total 40960K, used 30433K [0x00000000c3a00000, 0x0000000100000000)
  region size 1024K, 11 young (11264K), 2 survivors (2048K)
 Metaspace       used 51121K, committed 51584K, reserved 1097728K
  class space    used 6871K, committed 7104K, reserved 1048576K
GC Heap History (20 events):
Event: 11.958 GC heap before
{Heap before GC invocations=14 (full 0):
 garbage-first heap   total 37888K, used 29022K [0x00000000c3a00000, 0x0000000100000000)
  region size 1024K, 13 young (13312K), 1 survivors (1024K)
 Metaspace       used 37264K, committed 37696K, reserved 1089536K
  class space    used 4861K, committed 5056K, reserved 1048576K
}
Event: 11.961 GC heap after
{Heap after GC invocations=15 (full 0):
 garbage-first heap   total 37888K, used 17851K [0x00000000c3a00000, 0x0000000100000000)
  region size 1024K, 2 young (2048K), 2 survivors (2048K)
 Metaspace       used 37264K, committed 37696K, reserved 1089536K
  class space    used 4861K, committed 5056K, reserved 1048576K
}
Event: 12.005 GC heap before
{Heap before GC invocations=15 (full 0):
 garbage-first heap   total 37888K, used 18875K [0x00000000c3a00000, 0x0000000100000000)
  region size 1024K, 3 young (3072K), 2 survivors (2048K)
 Metaspace       used 37531K, committed 37952K, reserved 1089536K
  class space    used 4889K, committed 5120K, reserved 1048576K
}
Event: 12.010 GC heap after
{Heap after GC invocations=16 (full 0):
 garbage-first heap   total 37888K, used 17832K [0x00000000c3a00000, 0x0000000100000000)
  region size 1024K, 1 young (1024K), 1 survivors (1024K)
 Metaspace       used 37531K, committed 37952K, reserved 1089536K
  class space    used 4889K, committed 5120K, reserved 1048576K
}
Event: 12.293 GC heap before
{Heap before GC invocations=16 (full 0):
 garbage-first heap   total 37888K, used 27048K [0x00000000c3a00000, 0x0000000100000000)
  region size 1024K, 11 young (11264K), 1 survivors (1024K)
 Metaspace       used 38975K, committed 39424K, reserved 1089536K
  class space    used 5041K, committed 5248K, reserved 1048576K
}
Event: 12.295 GC heap after
{Heap after GC invocations=17 (full 0):
 garbage-first heap   total 37888K, used 18730K [0x00000000c3a00000, 0x0000000100000000)
  region size 1024K, 2 young (2048K), 2 survivors (2048K)
 Metaspace       used 38975K, committed 39424K, reserved 1089536K
  class space    used 5041K, committed 5248K, reserved 1048576K
}
Event: 12.634 GC heap before
{Heap before GC invocations=18 (full 0):
 garbage-first heap   total 37888K, used 27946K [0x00000000c3a00000, 0x0000000100000000)
  region size 1024K, 11 young (11264K), 2 survivors (2048K)
 Metaspace       used 39337K, committed 39744K, reserved 1089536K
  class space    used 5107K, committed 5312K, reserved 1048576K
}
Event: 12.637 GC heap after
{Heap after GC invocations=19 (full 0):
 garbage-first heap   total 37888K, used 19181K [0x00000000c3a00000, 0x0000000100000000)
  region size 1024K, 1 young (1024K), 1 survivors (1024K)
 Metaspace       used 39337K, committed 39744K, reserved 1089536K
  class space    used 5107K, committed 5312K, reserved 1048576K
}
Event: 12.660 GC heap before
{Heap before GC invocations=19 (full 0):
 garbage-first heap   total 37888K, used 20205K [0x00000000c3a00000, 0x0000000100000000)
  region size 1024K, 2 young (2048K), 1 survivors (1024K)
 Metaspace       used 39406K, committed 39808K, reserved 1089536K
  class space    used 5119K, committed 5312K, reserved 1048576K
}
Event: 12.663 GC heap after
{Heap after GC invocations=20 (full 0):
 garbage-first heap   total 37888K, used 19128K [0x00000000c3a00000, 0x0000000100000000)
  region size 1024K, 1 young (1024K), 1 survivors (1024K)
 Metaspace       used 39406K, committed 39808K, reserved 1089536K
  class space    used 5119K, committed 5312K, reserved 1048576K
}
Event: 13.390 GC heap before
{Heap before GC invocations=20 (full 0):
 garbage-first heap   total 37888K, used 29368K [0x00000000c3a00000, 0x0000000100000000)
  region size 1024K, 11 young (11264K), 1 survivors (1024K)
 Metaspace       used 40001K, committed 40384K, reserved 1089536K
  class space    used 5226K, committed 5376K, reserved 1048576K
}
Event: 13.392 GC heap after
{Heap after GC invocations=21 (full 0):
 garbage-first heap   total 37888K, used 19593K [0x00000000c3a00000, 0x0000000100000000)
  region size 1024K, 1 young (1024K), 1 survivors (1024K)
 Metaspace       used 40001K, committed 40384K, reserved 1089536K
  class space    used 5226K, committed 5376K, reserved 1048576K
}
Event: 14.930 GC heap before
{Heap before GC invocations=22 (full 0):
 garbage-first heap   total 37888K, used 29833K [0x00000000c3a00000, 0x0000000100000000)
  region size 1024K, 11 young (11264K), 1 survivors (1024K)
 Metaspace       used 43207K, committed 43648K, reserved 1089536K
  class space    used 5598K, committed 5824K, reserved 1048576K
}
Event: 14.933 GC heap after
{Heap after GC invocations=23 (full 0):
 garbage-first heap   total 37888K, used 20232K [0x00000000c3a00000, 0x0000000100000000)
  region size 1024K, 2 young (2048K), 2 survivors (2048K)
 Metaspace       used 43207K, committed 43648K, reserved 1089536K
  class space    used 5598K, committed 5824K, reserved 1048576K
}
Event: 15.484 GC heap before
{Heap before GC invocations=23 (full 0):
 garbage-first heap   total 37888K, used 29448K [0x00000000c3a00000, 0x0000000100000000)
  region size 1024K, 11 young (11264K), 2 survivors (2048K)
 Metaspace       used 45078K, committed 45568K, reserved 1089536K
  class space    used 5829K, committed 6080K, reserved 1048576K
}
Event: 15.487 GC heap after
{Heap after GC invocations=24 (full 0):
 garbage-first heap   total 37888K, used 20728K [0x00000000c3a00000, 0x0000000100000000)
  region size 1024K, 2 young (2048K), 2 survivors (2048K)
 Metaspace       used 45078K, committed 45568K, reserved 1089536K
  class space    used 5829K, committed 6080K, reserved 1048576K
}
Event: 16.482 GC heap before
{Heap before GC invocations=25 (full 0):
 garbage-first heap   total 39936K, used 29944K [0x00000000c3a00000, 0x0000000100000000)
  region size 1024K, 11 young (11264K), 2 survivors (2048K)
 Metaspace       used 46984K, committed 47424K, reserved 1097728K
  class space    used 6168K, committed 6400K, reserved 1048576K
}
Event: 16.485 GC heap after
{Heap after GC invocations=26 (full 0):
 garbage-first heap   total 39936K, used 21490K [0x00000000c3a00000, 0x0000000100000000)
  region size 1024K, 2 young (2048K), 2 survivors (2048K)
 Metaspace       used 46984K, committed 47424K, reserved 1097728K
  class space    used 6168K, committed 6400K, reserved 1048576K
}
Event: 17.223 GC heap before
{Heap before GC invocations=26 (full 0):
 garbage-first heap   total 39936K, used 30706K [0x00000000c3a00000, 0x0000000100000000)
  region size 1024K, 12 young (12288K), 2 survivors (2048K)
 Metaspace       used 49612K, committed 49984K, reserved 1097728K
  class space    used 6655K, committed 6848K, reserved 1048576K
}
Event: 17.226 GC heap after
{Heap after GC invocations=27 (full 0):
 garbage-first heap   total 39936K, used 22241K [0x00000000c3a00000, 0x0000000100000000)
  region size 1024K, 2 young (2048K), 2 survivors (2048K)
 Metaspace       used 49612K, committed 49984K, reserved 1097728K
  class space    used 6655K, committed 6848K, reserved 1048576K
}

